<?xml version="1.0" encoding="utf-8"?><testsuites name="pytest tests"><testsuite name="pytest" errors="0" failures="0" skipped="0" tests="46" time="11.734" timestamp="2026-07-08T18:52:58.751792+00:00" hostname="agent-env-c491cf7a-68c7-49a6-b214-e217bc8dc903"><testcase classname="backend.tests.test_billing_pro.TestEmailLoginDevFallback" name="test_email_login_returns_devotp_when_sendgrid_empty" time="0.387" /><testcase classname="backend.tests.test_billing_pro.TestEmailLoginDevFallback" name="test_phone_login_still_returns_devotp" time="0.052" /><testcase classname="backend.tests.test_billing_pro.TestBillingPlans" name="test_plans_public_no_auth" time="0.054" /><testcase classname="backend.tests.test_billing_pro.TestBillingCheckout" name="test_checkout_requires_auth" time="0.045" /><testcase classname="backend.tests.test_billing_pro.TestBillingCheckout" name="test_checkout_invalid_plan" time="0.167" /><testcase classname="backend.tests.test_billing_pro.TestBillingCheckout" name="test_checkout_with_placeholder_stripe_key_fails_500" time="0.277" /><testcase classname="backend.tests.test_billing_pro.TestBillingStatus" name="test_status_requires_auth" time="0.055" /><testcase classname="backend.tests.test_billing_pro.TestBillingStatus" name="test_status_invalid_session_returns_400" time="0.101" /><testcase classname="backend.tests.test_billing_pro.TestBillingMockActivate" name="test_mock_activate_requires_auth" time="0.055" /><testcase classname="backend.tests.test_billing_pro.TestBillingMockActivate" name="test_mock_activate_monthly_sets_is_pro" time="0.325" /><testcase classname="backend.tests.test_billing_pro.TestBillingMockActivate" name="test_mock_activate_yearly_sets_is_pro" time="0.270" /><testcase classname="backend.tests.test_centsible_api.TestHealth" name="test_health" time="0.054" /><testcase classname="backend.tests.test_centsible_api.TestHealth" name="test_root" time="0.052" /><testcase classname="backend.tests.test_centsible_api.TestHealth" name="test_categories" time="0.051" /><testcase classname="backend.tests.test_centsible_api.TestAuth" name="test_login_returns_devotp" time="0.054" /><testcase classname="backend.tests.test_centsible_api.TestAuth" name="test_verify_returns_token_and_user" time="0.000" /><testcase classname="backend.tests.test_centsible_api.TestAuth" name="test_verify_bad_otp" time="0.107" /><testcase classname="backend.tests.test_centsible_api.TestAuth" name="test_me_requires_auth" time="0.051" /><testcase classname="backend.tests.test_centsible_api.TestAuth" name="test_me_with_bad_token" time="0.053" /><testcase classname="backend.tests.test_centsible_api.TestAuth" name="test_me_success" time="0.059" /><testcase classname="backend.tests.test_centsible_api.TestAuth" name="test_logout" time="0.207" /><testcase classname="backend.tests.test_centsible_api.TestUsers" name="test_onboarding" time="0.065" /><testcase classname="backend.tests.test_centsible_api.TestUsers" name="test_budget_update" time="0.101" /><testcase classname="backend.tests.test_centsible_api.TestUsers" name="test_accounts" time="0.058" /><testcase classname="backend.tests.test_centsible_api.TestTransactions" name="test_auto_category[Swiggy-Food &amp; Drinks]" time="0.059" /><testcase classname="backend.tests.test_centsible_api.TestTransactions" name="test_auto_category[Uber Auto Ride-Transport]" time="0.080" /><testcase classname="backend.tests.test_centsible_api.TestTransactions" name="test_auto_category[Amazon.in-Shopping]" time="0.050" /><testcase classname="backend.tests.test_centsible_api.TestTransactions" name="test_list_with_filters" time="0.426" /><testcase classname="backend.tests.test_centsible_api.TestTransactions" name="test_dashboard" time="0.057" /><testcase classname="backend.tests.test_centsible_api.TestTransactions" name="test_analytics[week]" time="0.054" /><testcase classname="backend.tests.test_centsible_api.TestTransactions" name="test_analytics[month]" time="0.050" /><testcase classname="backend.tests.test_centsible_api.TestTransactions" name="test_analytics[year]" time="0.052" /><testcase classname="backend.tests.test_centsible_api.TestTransactions" name="test_patch_category" time="0.115" /><testcase classname="backend.tests.test_centsible_api.TestTransactions" name="test_patch_update_and_delete" time="0.214" /><testcase classname="backend.tests.test_centsible_api.TestTransactions" name="test_delete_missing_returns_404" time="0.055" /><testcase classname="backend.tests.test_centsible_api.TestTransactions" name="test_predict_category" time="0.048" /><testcase classname="backend.tests.test_centsible_api.TestTransactions" name="test_export_csv" time="0.060" /><testcase classname="backend.tests.test_centsible_api.TestTransactions" name="test_txn_requires_auth" time="0.059" /><testcase classname="backend.tests.test_centsible_api.TestIncome" name="test_create_and_list" time="0.120" /><testcase classname="backend.tests.test_centsible_api.TestGroups" name="test_full_group_flow" time="0.379" /><testcase classname="backend.tests.test_centsible_api.TestAI" name="test_finance_term_fresh_user" time="1.576" /><testcase classname="backend.tests.test_centsible_api.TestAI" name="test_finance_term_seeded" time="2.289" /><testcase classname="backend.tests.test_centsible_api.TestAI" name="test_insight_fresh" time="0.774" /><testcase classname="backend.tests.test_centsible_api.TestAI" name="test_insight_seeded" time="1.076" /><testcase classname="backend.tests.test_centsible_api.TestAI" name="test_chat_session_echo_and_history" time="1.278" /><testcase classname="backend.tests.test_centsible_api.TestAI" name="test_ai_requires_auth" time="0.103" /></testsuite></testsuites>