<?xml version="1.0" encoding="utf-8"?><testsuites name="pytest tests"><testsuite name="pytest" errors="0" failures="0" skipped="0" tests="35" time="10.042" timestamp="2026-07-08T18:15:38.862594+00:00" hostname="agent-env-c491cf7a-68c7-49a6-b214-e217bc8dc903"><testcase classname="backend.tests.test_centsible_api.TestHealth" name="test_health" time="0.130" /><testcase classname="backend.tests.test_centsible_api.TestHealth" name="test_root" time="0.116" /><testcase classname="backend.tests.test_centsible_api.TestHealth" name="test_categories" time="0.055" /><testcase classname="backend.tests.test_centsible_api.TestAuth" name="test_login_returns_devotp" time="0.070" /><testcase classname="backend.tests.test_centsible_api.TestAuth" name="test_verify_returns_token_and_user" time="0.114" /><testcase classname="backend.tests.test_centsible_api.TestAuth" name="test_verify_bad_otp" time="0.112" /><testcase classname="backend.tests.test_centsible_api.TestAuth" name="test_me_requires_auth" time="0.065" /><testcase classname="backend.tests.test_centsible_api.TestAuth" name="test_me_with_bad_token" time="0.055" /><testcase classname="backend.tests.test_centsible_api.TestAuth" name="test_me_success" time="0.107" /><testcase classname="backend.tests.test_centsible_api.TestAuth" name="test_logout" time="0.273" /><testcase classname="backend.tests.test_centsible_api.TestUsers" name="test_onboarding" time="0.065" /><testcase classname="backend.tests.test_centsible_api.TestUsers" name="test_budget_update" time="0.130" /><testcase classname="backend.tests.test_centsible_api.TestUsers" name="test_accounts" time="0.060" /><testcase classname="backend.tests.test_centsible_api.TestTransactions" name="test_auto_category[Swiggy-Food &amp; Drinks]" time="0.060" /><testcase classname="backend.tests.test_centsible_api.TestTransactions" name="test_auto_category[Uber Auto Ride-Transport]" time="0.177" /><testcase classname="backend.tests.test_centsible_api.TestTransactions" name="test_auto_category[Amazon.in-Shopping]" time="0.065" /><testcase classname="backend.tests.test_centsible_api.TestTransactions" name="test_list_with_filters" time="0.447" /><testcase classname="backend.tests.test_centsible_api.TestTransactions" name="test_dashboard" time="0.061" /><testcase classname="backend.tests.test_centsible_api.TestTransactions" name="test_analytics[week]" time="0.069" /><testcase classname="backend.tests.test_centsible_api.TestTransactions" name="test_analytics[month]" time="0.071" /><testcase classname="backend.tests.test_centsible_api.TestTransactions" name="test_analytics[year]" time="0.060" /><testcase classname="backend.tests.test_centsible_api.TestTransactions" name="test_patch_category" time="0.116" /><testcase classname="backend.tests.test_centsible_api.TestTransactions" name="test_patch_update_and_delete" time="0.252" /><testcase classname="backend.tests.test_centsible_api.TestTransactions" name="test_delete_missing_returns_404" time="0.057" /><testcase classname="backend.tests.test_centsible_api.TestTransactions" name="test_predict_category" time="0.054" /><testcase classname="backend.tests.test_centsible_api.TestTransactions" name="test_export_csv" time="0.057" /><testcase classname="backend.tests.test_centsible_api.TestTransactions" name="test_txn_requires_auth" time="0.064" /><testcase classname="backend.tests.test_centsible_api.TestIncome" name="test_create_and_list" time="0.124" /><testcase classname="backend.tests.test_centsible_api.TestGroups" name="test_full_group_flow" time="0.410" /><testcase classname="backend.tests.test_centsible_api.TestAI" name="test_finance_term_fresh_user" time="1.645" /><testcase classname="backend.tests.test_centsible_api.TestAI" name="test_finance_term_seeded" time="1.544" /><testcase classname="backend.tests.test_centsible_api.TestAI" name="test_insight_fresh" time="0.737" /><testcase classname="backend.tests.test_centsible_api.TestAI" name="test_insight_seeded" time="0.705" /><testcase classname="backend.tests.test_centsible_api.TestAI" name="test_chat_session_echo_and_history" time="1.763" /><testcase classname="backend.tests.test_centsible_api.TestAI" name="test_ai_requires_auth" time="0.119" /></testsuite></testsuites>